#
# There is insufficient memory for the Java Runtime Environment to continue.
# Native memory allocation (mmap) failed to map 268435456 bytes for G1 virtual space
# Possible reasons:
#   The system is out of physical RAM or swap space
#   The process is running with CompressedOops enabled, and the Java Heap may be blocking the growth of the native heap
# Possible solutions:
#   Reduce memory load on the system
#   Increase physical memory or swap space
#   Check if swap backing store is full
#   Decrease Java heap size (-Xmx/-Xms)
#   Decrease number of Java threads
#   Decrease Java thread stack sizes (-Xss)
#   Set larger code cache with -XX:ReservedCodeCacheSize=
#   JVM is running with Zero Based Compressed Oops mode in which the Java heap is
#     placed in the first 32GB address space. The Java Heap base address is the
#     maximum limit for the native heap growth. Please use -XX:HeapBaseMinAddress
#     to set the Java Heap base and to place the Java Heap above 32GB virtual address.
# This output file may be truncated or incomplete.
#
#  Out of Memory Error (os_windows.cpp:3769), pid=20060, tid=20112
#
# JRE version:  (17.0.6) (build )
# Java VM: OpenJDK 64-Bit Server VM (17.0.6+0-b2043.56-10027231, mixed mode, sharing, tiered, compressed oops, compressed class ptrs, g1 gc, windows-amd64)
# No core dump will be written. Minidumps are not enabled by default on client versions of Windows
#

---------------  S U M M A R Y ------------

Command Line: org.jetbrains.kotlin.cli.jvm.K2JVMCompiler @D:\Android Studio\Layouts\TaskApp\app\build\20231003_2831168312277101272.compiler.options

Host: Intel(R) Core(TM) i3-9100F CPU @ 3.60GHz, 4 cores, 15G,  Windows 11 , 64 bit Build 22621 (10.0.22621.2199)
Time: Tue Oct  3 20:04:57 2023 Hora oficial do Brasil elapsed time: 0.016036 seconds (0d 0h 0m 0s)

---------------  T H R E A D  ---------------

Current thread (0x000002817a2a75e0):  JavaThread "Unknown thread" [_thread_in_vm, id=20112, stack(0x00000087a1d00000,0x00000087a1e00000)]

Stack: [0x00000087a1d00000,0x00000087a1e00000]
Native frames: (J=compiled Java code, j=interpreted, Vv=VM code, C=native code)
V  [jvm.dll+0x683c9a]
V  [jvm.dll+0x8427a4]
V  [jvm.dll+0x843f9e]
V  [jvm.dll+0x844603]
V  [jvm.dll+0x249b75]
V  [jvm.dll+0x680b69]
V  [jvm.dll+0x67505a]
V  [jvm.dll+0x309acb]
V  [jvm.dll+0x310f86]
V  [jvm.dll+0x3608ee]
V  [jvm.dll+0x360b1f]
V  [jvm.dll+0x2dfbf8]
V  [jvm.dll+0x2e0b64]
V  [jvm.dll+0x814091]
V  [jvm.dll+0x36e6a1]
V  [jvm.dll+0x7f35cc]
V  [jvm.dll+0x3f0e8f]
V  [jvm.dll+0x3f29d1]
C  [jli.dll+0x526b]
C  [ucrtbase.dll+0x29363]
C  [KERNEL32.DLL+0x1257d]
C  [ntdll.dll+0x5aa78]


---------------  P R O C E S S  ---------------

Threads class SMR info:
_java_thread_list=0x00007ffdc0acc058, length=0, elements={
}

Java Threads: ( => current thread )

Other Threads:
  0x000002817a313ad0 GCTaskThread "GC Thread#0" [stack: 0x00000087a1e00000,0x00000087a1f00000] [id=20116]
  0x000002817a3248d0 ConcurrentGCThread "G1 Main Marker" [stack: 0x00000087a1f00000,0x00000087a2000000] [id=20120]
  0x000002817a3252e0 ConcurrentGCThread "G1 Conc#0" [stack: 0x00000087a2000000,0x00000087a2100000] [id=20124]

[error occurred during error reporting (printing all threads), id 0xc0000005, EXCEPTION_ACCESS_VIOLATION (0xc0000005) at pc=0x00007ffdc0280797]

VM state: not at safepoint (not fully initialized)

VM Mutex/Monitor currently owned by a thread:  ([mutex/lock_event])
[0x000002817a2a2540] Heap_lock - owner thread: 0x000002817a2a75e0

Heap address: 0x0000000701400000, size: 4076 MB, Compressed Oops mode: Zero based, Oop shift amount: 3

CDS archive(s) mapped at: [0x0000000000000000-0x0000000000000000-0x0000000000000000), size 0, SharedBaseAddress: 0x0000000800000000, ArchiveRelocationMode: 0.
Narrow klass base: 0x0000000000000000, Narrow klass shift: 0, Narrow klass range: 0x0

GC Precious Log:
<Empty>

Heap:
 garbage-first heap   total 0K, used 0K [0x0000000701400000, 0x0000000800000000)
  region size 2048K, 0 young (0K), 0 survivors (0K)

[error occurred during error reporting (printing heap information), id 0xc0000005, EXCEPTION_ACCESS_VIOLATION (0xc0000005) at pc=0x00007ffdc066da89]

GC Heap History (0 events):
No events

Dll operation events (1 events):
Event: 0.011 Loaded shared library D:\Android Studio1\jbr\bin\java.dll

Deoptimization events (0 events):
No events

Classes unloaded (0 events):
No events

Classes redefined (0 events):
No events

Internal exceptions (0 events):
No events

VM Operations (0 events):
No events

Events (0 events):
No events


Dynamic libraries:
0x00007ff790c40000 - 0x00007ff790c4a000 	D:\Android Studio1\jbr\bin\java.exe
0x00007ffe2e4d0000 - 0x00007ffe2e6e7000 	C:\WINDOWS\SYSTEM32\ntdll.dll
0x00007ffe2cd40000 - 0x00007ffe2ce04000 	C:\WINDOWS\System32\KERNEL32.DLL
0x00007ffe2bd20000 - 0x00007ffe2c0c6000 	C:\WINDOWS\System32\KERNELBASE.dll
0x00007ffe2b850000 - 0x00007ffe2b961000 	C:\WINDOWS\System32\ucrtbase.dll
0x00007ffde8370000 - 0x00007ffde838b000 	D:\Android Studio1\jbr\bin\VCRUNTIME140.dll
0x00007ffe08ae0000 - 0x00007ffe08af7000 	D:\Android Studio1\jbr\bin\jli.dll
0x00007ffe2d6d0000 - 0x00007ffe2d87e000 	C:\WINDOWS\System32\USER32.dll
0x00007ffe2bb80000 - 0x00007ffe2bba6000 	C:\WINDOWS\System32\win32u.dll
0x00007ffe2e280000 - 0x00007ffe2e2a9000 	C:\WINDOWS\System32\GDI32.dll
0x00007ffe14d30000 - 0x00007ffe14fc3000 	C:\WINDOWS\WinSxS\amd64_microsoft.windows.common-controls_6595b64144ccf1df_6.0.22621.2191_none_2715cffb738043a6\COMCTL32.dll
0x00007ffe2b970000 - 0x00007ffe2ba88000 	C:\WINDOWS\System32\gdi32full.dll
0x00007ffe2c4f0000 - 0x00007ffe2c597000 	C:\WINDOWS\System32\msvcrt.dll
0x00007ffe2c190000 - 0x00007ffe2c22a000 	C:\WINDOWS\System32\msvcp_win.dll
0x00007ffe2c4b0000 - 0x00007ffe2c4e1000 	C:\WINDOWS\System32\IMM32.DLL
0x00007ffe09220000 - 0x00007ffe0922c000 	D:\Android Studio1\jbr\bin\vcruntime140_1.dll
0x00007ffdcbea0000 - 0x00007ffdcbf2d000 	D:\Android Studio1\jbr\bin\msvcp140.dll
0x00007ffdbff90000 - 0x00007ffdc0bfe000 	D:\Android Studio1\jbr\bin\server\jvm.dll
0x00007ffe2d230000 - 0x00007ffe2d2e0000 	C:\WINDOWS\System32\ADVAPI32.dll
0x00007ffe2ce90000 - 0x00007ffe2cf36000 	C:\WINDOWS\System32\sechost.dll
0x00007ffe2d110000 - 0x00007ffe2d227000 	C:\WINDOWS\System32\RPCRT4.dll
0x00007ffe21a90000 - 0x00007ffe21a99000 	C:\WINDOWS\SYSTEM32\WSOCK32.dll
0x00007ffe22580000 - 0x00007ffe225b4000 	C:\WINDOWS\SYSTEM32\WINMM.dll
0x00007ffe2e410000 - 0x00007ffe2e481000 	C:\WINDOWS\System32\WS2_32.dll
0x00007ffe23650000 - 0x00007ffe2365a000 	C:\WINDOWS\SYSTEM32\VERSION.dll
0x00007ffe2a890000 - 0x00007ffe2a8a8000 	C:\WINDOWS\SYSTEM32\kernel.appcore.dll
0x00007ffe28b40000 - 0x00007ffe28b4a000 	D:\Android Studio1\jbr\bin\jimage.dll
0x00007ffe22630000 - 0x00007ffe2285e000 	C:\WINDOWS\SYSTEM32\DBGHELP.DLL
0x00007ffe2d340000 - 0x00007ffe2d6ca000 	C:\WINDOWS\System32\combase.dll
0x00007ffe2cc60000 - 0x00007ffe2cd37000 	C:\WINDOWS\System32\OLEAUT32.dll
0x00007ffe1d350000 - 0x00007ffe1d382000 	C:\WINDOWS\SYSTEM32\dbgcore.DLL
0x00007ffe2bb00000 - 0x00007ffe2bb7a000 	C:\WINDOWS\System32\bcryptPrimitives.dll
0x00007ffe0d9a0000 - 0x00007ffe0d9c5000 	D:\Android Studio1\jbr\bin\java.dll

dbghelp: loaded successfully - version: 4.0.5 - missing functions: none
symbol engine: initialized successfully - sym options: 0x614 - pdb path: .;D:\Android Studio1\jbr\bin;C:\WINDOWS\SYSTEM32;C:\WINDOWS\WinSxS\amd64_microsoft.windows.common-controls_6595b64144ccf1df_6.0.22621.2191_none_2715cffb738043a6;D:\Android Studio1\jbr\bin\server

VM Arguments:
java_command: org.jetbrains.kotlin.cli.jvm.K2JVMCompiler @D:\Android Studio\Layouts\TaskApp\app\build\20231003_2831168312277101272.compiler.options
java_class_path (initial): C:\Users\Luis\.gradle\caches\modules-2\files-2.1\org.jetbrains.kotlin\kotlin-compiler-embeddable\1.8.0\eb9118d4bcceaa2a94b2ae2a33a4ddba7c9a947f\kotlin-compiler-embeddable-1.8.0.jar;C:\Users\Luis\.gradle\caches\modules-2\files-2.1\org.jetbrains.kotlin\kotlin-stdlib\1.8.0\1796921c7a3e2e2665a83e6c8d33399336cd39bc\kotlin-stdlib-1.8.0.jar;C:\Users\Luis\.gradle\caches\modules-2\files-2.1\org.jetbrains.kotlin\kotlin-script-runtime\1.8.0\b2f7e760d283cb339974851c222a4c1d48f2d3d\kotlin-script-runtime-1.8.0.jar;C:\Users\Luis\.gradle\caches\modules-2\files-2.1\org.jetbrains.kotlin\kotlin-reflect\1.6.10\1cbe9c92c12a94eea200d23c2bbaedaf3daf5132\kotlin-reflect-1.6.10.jar;C:\Users\Luis\.gradle\caches\modules-2\files-2.1\org.jetbrains.kotlin\kotlin-daemon-embeddable\1.8.0\d255216c551685dc3a7e852b53617f5f01aaaa5c\kotlin-daemon-embeddable-1.8.0.jar;C:\Users\Luis\.gradle\caches\modules-2\files-2.1\org.jetbrains.intellij.deps\trove4j\1.0.20200330\3afb14d5f9ceb459d724e907a21145e8ff394f02\trove4j-1.0.20200330.jar;C:\Users\Luis\.gradle\caches\modules-2\files-2.1\net.java.dev.jna\jna\5.6.0\330f2244e9030119ab3030fc3fededc86713d9cc\jna-5.6.0.jar;C:\Users\Luis\.gradle\caches\modules-2\files-2.1\org.jetbrains.kotlin\kotlin-stdlib-common\1.8.0\f7197e7cc76453ac59f8b0f8d5137cc600becd36\kotlin-stdlib-common-1.8.0.jar;C:\Users\Luis\.gradle\caches\modules-2\files-2.1\org.jetbrains\annotations\13.0\919f0dfe192fb4e063e7dacadee7f8bb9a2672a9\annotations-13.0.jar
Launcher Type: SUN_STANDARD

[Global flags]
     intx CICompilerCount                          = 3                                         {product} {ergonomic}
     uint ConcGCThreads                            = 1                                         {product} {ergonomic}
     uint G1ConcRefinementThreads                  = 4                                         {product} {ergonomic}
   size_t G1HeapRegionSize                         = 2097152                                   {product} {ergonomic}
    uintx GCDrainStackTargetSize                   = 64                                        {product} {ergonomic}
   size_t InitialHeapSize                          = 268435456                                 {product} {ergonomic}
   size_t MarkStackSize                            = 4194304                                   {product} {ergonomic}
   size_t MaxHeapSize                              = 4273995776                                {product} {ergonomic}
   size_t MinHeapDeltaBytes                        = 2097152                                   {product} {ergonomic}
   size_t MinHeapSize                              = 8388608                                   {product} {ergonomic}
    uintx NonNMethodCodeHeapSize                   = 5832780                                {pd product} {ergonomic}
    uintx NonProfiledCodeHeapSize                  = 122912730                              {pd product} {ergonomic}
    uintx ProfiledCodeHeapSize                     = 122912730                              {pd product} {ergonomic}
    uintx ReservedCodeCacheSize                    = 251658240                              {pd product} {ergonomic}
     bool SegmentedCodeCache                       = true                                      {product} {ergonomic}
   size_t SoftMaxHeapSize                          = 4273995776                             {manageable} {ergonomic}
     bool UseCompressedClassPointers               = true                           {product lp64_product} {ergonomic}
     bool UseCompressedOops                        = true                           {product lp64_product} {ergonomic}
     bool UseG1GC                                  = true                                      {product} {ergonomic}
     bool UseLargePagesIndividualAllocation        = false                                  {pd product} {ergonomic}

Logging:
Log output configuration:
 #0: stdout all=warning uptime,level,tags
 #1: stderr all=off uptime,level,tags

Environment Variables:
PATH=C:\Program Files\Common Files\Oracle\Java\javapath;C:\Program Files (x86)\Common Files\Oracle\Java\javapath;C:\WINDOWS\system32;C:\WINDOWS;C:\WINDOWS\System32\Wbem;C:\WINDOWS\System32\WindowsPowerShell\v1.0\;C:\Program Files\NVIDIA Corporation\NVIDIA NvDLISR;C:\WINDOWS\System32\OpenSSH\;C:\Program Files (x86)\NVIDIA Corporation\PhysX\Common;C:\Program Files (x86)\Universal Extractor;C:\Program Files (x86)\Universal Extractor\bin;C:\WINDOWS\system32;C:\WINDOWS;C:\WINDOWS\System32\Wbem;C:\WINDOWS\System32\WindowsPowerShell\v1.0\;C:\WINDOWS\System32\OpenSSH\;C:\MinGW\bin;C:\Program Files\Microsoft SQL Server\150\Tools\Binn\;C:\jdk-19.0.2\bin;C:\Program Files\Git\cmd;C:\jdk-19_windows-x64_bin\jdk-19.0.2\bin;C:\Program Files\MySQL\MySQL Shell 8.0\bin\;C:\Users\Luis\AppData\Local\Microsoft\WindowsApps;C:\Users\Luís Felipe\AppData\Local\Programs\Microsoft VS Code\bin;C:\MinGW\bin;C:\Users\Luís Felipe\AppData\Local\GitHubDesktop\bin;C:\Users\Luis\AppData\Local\Programs\Microsoft VS Code\bin;;C:\Users\Luis\AppData\Local\spicetify
USERNAME=Luis
OS=Windows_NT
PROCESSOR_IDENTIFIER=Intel64 Family 6 Model 158 Stepping 10, GenuineIntel
TMP=C:\Users\Luis\AppData\Local\Temp
TEMP=C:\Users\Luis\AppData\Local\Temp


JNI global refs:

[error occurred during error reporting (JNI global references), id 0xc0000005, EXCEPTION_ACCESS_VIOLATION (0xc0000005) at pc=0x00007ffdc0047a10]


---------------  S Y S T E M  ---------------

OS:
 Windows 11 , 64 bit Build 22621 (10.0.22621.2199)
OS uptime: 0 days 9:45 hours

CPU: total 4 (initial active 4) (4 cores per cpu, 1 threads per core) family 6 model 158 stepping 10 microcode 0xde, cx8, cmov, fxsr, mmx, 3dnowpref, sse, sse2, sse3, ssse3, sse4.1, sse4.2, popcnt, lzcnt, tsc, tscinvbit, avx, avx2, aes, erms, clmul, bmi1, bmi2, adx, fma, vzeroupper, clflush, clflushopt

Memory: 4k page, system-wide physical 16297M (5549M free)
TotalPageFile size 18345M (AvailPageFile size 218M)
current process WorkingSet (physical memory assigned to process): 11M, peak: 11M
current process commit charge ("private bytes"): 52M, peak: 307M

vm_info: OpenJDK 64-Bit Server VM (17.0.6+0-b2043.56-10027231) for windows-amd64 JRE (17.0.6+0-b2043.56-10027231), built on Apr 28 2023 00:43:19 by "androidbuild" with MS VC++ 16.10 / 16.11 (VS2019)

END.
