#
# There is insufficient memory for the Java Runtime Environment to continue.
# Native memory allocation (malloc) failed to allocate 1830736 bytes for Chunk::new
# Possible reasons:
#   The system is out of physical RAM or swap space
#   The process is running with CompressedOops enabled, and the Java Heap may be blocking the growth of the native heap
# Possible solutions:
#   Reduce memory load on the system
#   Increase physical memory or swap space
#   Check if swap backing store is full
#   Decrease Java heap size (-Xmx/-Xms)
#   Decrease number of Java threads
#   Decrease Java thread stack sizes (-Xss)
#   Set larger code cache with -XX:ReservedCodeCacheSize=
#   JVM is running with Zero Based Compressed Oops mode in which the Java heap is
#     placed in the first 32GB address space. The Java Heap base address is the
#     maximum limit for the native heap growth. Please use -XX:HeapBaseMinAddress
#     to set the Java Heap base and to place the Java Heap above 32GB virtual address.
# This output file may be truncated or incomplete.
#
#  Out of Memory Error (arena.cpp:189), pid=19264, tid=3404
#
# JRE version: OpenJDK Runtime Environment (17.0.6) (build 17.0.6+0-b2043.56-10027231)
# Java VM: OpenJDK 64-Bit Server VM (17.0.6+0-b2043.56-10027231, mixed mode, tiered, compressed oops, compressed class ptrs, g1 gc, windows-amd64)
# No core dump will be written. Minidumps are not enabled by default on client versions of Windows
#

---------------  S U M M A R Y ------------

Command Line: org.jetbrains.kotlin.cli.jvm.K2JVMCompiler @D:\Android Studio\Layouts\TaskApp\app\build\20231003_11231007769155179702.compiler.options

Host: Intel(R) Core(TM) i3-9100F CPU @ 3.60GHz, 4 cores, 15G,  Windows 11 , 64 bit Build 22621 (10.0.22621.2199)
Time: Tue Oct  3 20:02:32 2023 Hora oficial do Brasil elapsed time: 12.783464 seconds (0d 0h 0m 12s)

---------------  T H R E A D  ---------------

Current thread (0x0000024f7646a240):  JavaThread "C2 CompilerThread0" daemon [_thread_in_native, id=3404, stack(0x000000c427400000,0x000000c427500000)]


Current CompileTask:
C2:  12783 13842       4       org.jetbrains.kotlin.ir.util.IrFakeOverrideUtilsKt::collectAndFilterRealOverrides$collectRealOverrides (157 bytes)

Stack: [0x000000c427400000,0x000000c427500000]
Native frames: (J=compiled Java code, j=interpreted, Vv=VM code, C=native code)
V  [jvm.dll+0x683c9a]
V  [jvm.dll+0x8427a4]
V  [jvm.dll+0x843f9e]
V  [jvm.dll+0x844603]
V  [jvm.dll+0x249b75]
V  [jvm.dll+0xabcac]
V  [jvm.dll+0xac27c]
V  [jvm.dll+0x368802]
V  [jvm.dll+0x332f31]
V  [jvm.dll+0x3323da]
V  [jvm.dll+0x21c201]
V  [jvm.dll+0x21b621]
V  [jvm.dll+0x1a4fdd]
V  [jvm.dll+0x22b098]
V  [jvm.dll+0x229159]
V  [jvm.dll+0x7f81ec]
V  [jvm.dll+0x7f274a]
V  [jvm.dll+0x682ad5]
C  [ucrtbase.dll+0x29363]
C  [KERNEL32.DLL+0x1257d]
C  [ntdll.dll+0x5aa78]


---------------  P R O C E S S  ---------------

Threads class SMR info:
_java_thread_list=0x0000024f76ad21a0, length=13, elements={
0x0000024f578158f0, 0x0000024f7642ed30, 0x0000024f7642fba0, 0x0000024f76464c90,
0x0000024f76465750, 0x0000024f76468210, 0x0000024f76468bc0, 0x0000024f7646a240,
0x0000024f7648d360, 0x0000024f7648f490, 0x0000024f765ed530, 0x0000024f76605950,
0x0000024f76a9a5a0
}

Java Threads: ( => current thread )
  0x0000024f578158f0 JavaThread "main" [_thread_in_Java, id=16728, stack(0x000000c426700000,0x000000c426800000)]
  0x0000024f7642ed30 JavaThread "Reference Handler" daemon [_thread_blocked, id=1772, stack(0x000000c426e00000,0x000000c426f00000)]
  0x0000024f7642fba0 JavaThread "Finalizer" daemon [_thread_blocked, id=7056, stack(0x000000c426f00000,0x000000c427000000)]
  0x0000024f76464c90 JavaThread "Signal Dispatcher" daemon [_thread_blocked, id=2052, stack(0x000000c427000000,0x000000c427100000)]
  0x0000024f76465750 JavaThread "Attach Listener" daemon [_thread_blocked, id=7664, stack(0x000000c427100000,0x000000c427200000)]
  0x0000024f76468210 JavaThread "Service Thread" daemon [_thread_blocked, id=16948, stack(0x000000c427200000,0x000000c427300000)]
  0x0000024f76468bc0 JavaThread "Monitor Deflation Thread" daemon [_thread_blocked, id=10640, stack(0x000000c427300000,0x000000c427400000)]
=>0x0000024f7646a240 JavaThread "C2 CompilerThread0" daemon [_thread_in_native, id=3404, stack(0x000000c427400000,0x000000c427500000)]
  0x0000024f7648d360 JavaThread "C1 CompilerThread0" daemon [_thread_in_native, id=2020, stack(0x000000c427500000,0x000000c427600000)]
  0x0000024f7648f490 JavaThread "Sweeper thread" daemon [_thread_blocked, id=128, stack(0x000000c427600000,0x000000c427700000)]
  0x0000024f765ed530 JavaThread "Notification Thread" daemon [_thread_blocked, id=15436, stack(0x000000c427700000,0x000000c427800000)]
  0x0000024f76605950 JavaThread "Common-Cleaner" daemon [_thread_blocked, id=1068, stack(0x000000c427900000,0x000000c427a00000)]
  0x0000024f76a9a5a0 JavaThread "C2 CompilerThread1" daemon [_thread_in_native, id=12196, stack(0x000000c427d00000,0x000000c427e00000)]

Other Threads:
  0x0000024f7642a010 VMThread "VM Thread" [stack: 0x000000c426d00000,0x000000c426e00000] [id=15468]
  0x0000024f5789dc30 WatcherThread [stack: 0x000000c427800000,0x000000c427900000] [id=3860]
  0x0000024f578851f0 GCTaskThread "GC Thread#0" [stack: 0x000000c426800000,0x000000c426900000] [id=17096]
  0x0000024f769d6490 GCTaskThread "GC Thread#1" [stack: 0x000000c427a00000,0x000000c427b00000] [id=17340]
  0x0000024f769d6740 GCTaskThread "GC Thread#2" [stack: 0x000000c427b00000,0x000000c427c00000] [id=16392]
  0x0000024f769d6e00 GCTaskThread "GC Thread#3" [stack: 0x000000c427c00000,0x000000c427d00000] [id=10056]
  0x0000024f57895ff0 ConcurrentGCThread "G1 Main Marker" [stack: 0x000000c426900000,0x000000c426a00000] [id=3524]
  0x0000024f578971a0 ConcurrentGCThread "G1 Conc#0" [stack: 0x000000c426a00000,0x000000c426b00000] [id=18480]
  0x0000024f757f24d0 ConcurrentGCThread "G1 Refine#0" [stack: 0x000000c426b00000,0x000000c426c00000] [id=564]
  0x0000024f78538840 ConcurrentGCThread "G1 Refine#1" [stack: 0x000000c427e00000,0x000000c427f00000] [id=13140]
  0x0000024f757f2ef0 ConcurrentGCThread "G1 Service" [stack: 0x000000c426c00000,0x000000c426d00000] [id=5200]

Threads with active compile tasks:
C2 CompilerThread0    12808 13842       4       org.jetbrains.kotlin.ir.util.IrFakeOverrideUtilsKt::collectAndFilterRealOverrides$collectRealOverrides (157 bytes)
C1 CompilerThread0    12808 14041       2       org.jetbrains.kotlin.backend.jvm.lower.TailCallOptimizationLowering$lower$1::visitDeclarationReference (7 bytes)
C2 CompilerThread1    12809 13982       4       org.jetbrains.kotlin.ir.declarations.IrFunction::acceptChildren (183 bytes)

VM state: not at safepoint (normal execution)

VM Mutex/Monitor currently owned by a thread: None

Heap address: 0x0000000701400000, size: 4076 MB, Compressed Oops mode: Zero based, Oop shift amount: 3

CDS archive(s) not mapped
Compressed class space mapped at: 0x0000000800000000-0x0000000840000000, reserved size: 1073741824
Narrow klass base: 0x0000000800000000, Narrow klass shift: 0, Narrow klass range: 0x40000000

GC Precious Log:
 CPUs: 4 total, 4 available
 Memory: 16297M
 Large Page Support: Disabled
 NUMA Support: Disabled
 Compressed Oops: Enabled (Zero based)
 Heap Region Size: 2M
 Heap Min Capacity: 8M
 Heap Initial Capacity: 256M
 Heap Max Capacity: 4076M
 Pre-touch: Disabled
 Parallel Workers: 4
 Concurrent Workers: 1
 Concurrent Refinement Workers: 4
 Periodic GC: Disabled

Heap:
 garbage-first heap   total 165888K, used 110454K [0x0000000701400000, 0x0000000800000000)
  region size 2048K, 18 young (36864K), 3 survivors (6144K)
 Metaspace       used 86387K, committed 86720K, reserved 1130496K
  class space    used 9771K, committed 9920K, reserved 1048576K

Heap Regions: E=young(eden), S=young(survivor), O=old, HS=humongous(starts), HC=humongous(continues), CS=collection set, F=free, OA=open archive, CA=closed archive, TAMS=top-at-mark-start (previous, next)
|   0|0x0000000701400000, 0x0000000701600000, 0x0000000701600000|100%|HS|  |TAMS 0x0000000701600000, 0x0000000701400000| Complete 
|   1|0x0000000701600000, 0x0000000701800000, 0x0000000701800000|100%|HC|  |TAMS 0x0000000701800000, 0x0000000701600000| Complete 
|   2|0x0000000701800000, 0x00000007019f5a00, 0x0000000701a00000| 97%| O|  |TAMS 0x00000007019f5a00, 0x0000000701800000| Untracked 
|   3|0x0000000701a00000, 0x0000000701c00000, 0x0000000701c00000|100%|HS|  |TAMS 0x0000000701c00000, 0x0000000701a00000| Complete 
|   4|0x0000000701c00000, 0x0000000701e00000, 0x0000000701e00000|100%|HC|  |TAMS 0x0000000701e00000, 0x0000000701c00000| Complete 
|   5|0x0000000701e00000, 0x0000000702000000, 0x0000000702000000|100%|HS|  |TAMS 0x0000000702000000, 0x0000000701e00000| Complete 
|   6|0x0000000702000000, 0x0000000702200000, 0x0000000702200000|100%| O|  |TAMS 0x0000000702200000, 0x0000000702000000| Untracked 
|   7|0x0000000702200000, 0x0000000702400000, 0x0000000702400000|100%| O|  |TAMS 0x0000000702400000, 0x0000000702200000| Untracked 
|   8|0x0000000702400000, 0x0000000702600000, 0x0000000702600000|100%| O|  |TAMS 0x0000000702600000, 0x0000000702400000| Untracked 
|   9|0x0000000702600000, 0x0000000702800000, 0x0000000702800000|100%| O|  |TAMS 0x0000000702800000, 0x0000000702600000| Untracked 
|  10|0x0000000702800000, 0x0000000702a00000, 0x0000000702a00000|100%| O|  |TAMS 0x0000000702a00000, 0x0000000702800000| Untracked 
|  11|0x0000000702a00000, 0x0000000702bbba00, 0x0000000702c00000| 86%| O|  |TAMS 0x0000000702bbba00, 0x0000000702a00000| Complete 
|  12|0x0000000702c00000, 0x0000000702e00000, 0x0000000702e00000|100%| O|  |TAMS 0x0000000702e00000, 0x0000000702c00000| Untracked 
|  13|0x0000000702e00000, 0x0000000703000000, 0x0000000703000000|100%| O|  |TAMS 0x0000000703000000, 0x0000000702e00000| Untracked 
|  14|0x0000000703000000, 0x0000000703200000, 0x0000000703200000|100%| O|  |TAMS 0x0000000703200000, 0x0000000703000000| Untracked 
|  15|0x0000000703200000, 0x0000000703400000, 0x0000000703400000|100%| O|  |TAMS 0x0000000703400000, 0x0000000703200000| Untracked 
|  16|0x0000000703400000, 0x0000000703600000, 0x0000000703600000|100%| O|  |TAMS 0x0000000703600000, 0x0000000703400000| Untracked 
|  17|0x0000000703600000, 0x0000000703800000, 0x0000000703800000|100%| O|  |TAMS 0x0000000703800000, 0x0000000703600000| Untracked 
|  18|0x0000000703800000, 0x0000000703a00000, 0x0000000703a00000|100%| O|  |TAMS 0x0000000703a00000, 0x0000000703800000| Untracked 
|  19|0x0000000703a00000, 0x0000000703c00000, 0x0000000703c00000|100%| O|  |TAMS 0x0000000703c00000, 0x0000000703a00000| Untracked 
|  20|0x0000000703c00000, 0x0000000703e00000, 0x0000000703e00000|100%| O|  |TAMS 0x0000000703e00000, 0x0000000703c00000| Untracked 
|  21|0x0000000703e00000, 0x0000000704000000, 0x0000000704000000|100%| O|  |TAMS 0x0000000704000000, 0x0000000703e00000| Untracked 
|  22|0x0000000704000000, 0x0000000704200000, 0x0000000704200000|100%| O|  |TAMS 0x0000000704200000, 0x0000000704000000| Untracked 
|  23|0x0000000704200000, 0x0000000704400000, 0x0000000704400000|100%| O|  |TAMS 0x0000000704400000, 0x0000000704200000| Untracked 
|  24|0x0000000704400000, 0x0000000704600000, 0x0000000704600000|100%| O|  |TAMS 0x0000000704600000, 0x0000000704400000| Untracked 
|  25|0x0000000704600000, 0x0000000704800000, 0x0000000704800000|100%| O|  |TAMS 0x0000000704800000, 0x0000000704600000| Untracked 
|  26|0x0000000704800000, 0x0000000704a00000, 0x0000000704a00000|100%| O|  |TAMS 0x0000000704a00000, 0x0000000704800000| Untracked 
|  27|0x0000000704a00000, 0x0000000704c00000, 0x0000000704c00000|100%| O|  |TAMS 0x0000000704c00000, 0x0000000704a00000| Untracked 
|  28|0x0000000704c00000, 0x0000000704e00000, 0x0000000704e00000|100%| O|  |TAMS 0x0000000704e00000, 0x0000000704c00000| Untracked 
|  29|0x0000000704e00000, 0x0000000705000000, 0x0000000705000000|100%| O|  |TAMS 0x0000000705000000, 0x0000000704e00000| Untracked 
|  30|0x0000000705000000, 0x0000000705200000, 0x0000000705200000|100%| O|  |TAMS 0x0000000705200000, 0x0000000705000000| Untracked 
|  31|0x0000000705200000, 0x0000000705400000, 0x0000000705400000|100%| O|  |TAMS 0x0000000705400000, 0x0000000705200000| Untracked 
|  32|0x0000000705400000, 0x0000000705600000, 0x0000000705600000|100%| O|  |TAMS 0x0000000705600000, 0x0000000705400000| Untracked 
|  33|0x0000000705600000, 0x0000000705800000, 0x0000000705800000|100%| O|  |TAMS 0x0000000705800000, 0x0000000705600000| Untracked 
|  34|0x0000000705800000, 0x0000000705a00000, 0x0000000705a00000|100%| O|  |TAMS 0x0000000705a00000, 0x0000000705800000| Untracked 
|  35|0x0000000705a00000, 0x0000000705c00000, 0x0000000705c00000|100%| O|  |TAMS 0x0000000705bb3a00, 0x0000000705a00000| Untracked 
|  36|0x0000000705c00000, 0x0000000705e00000, 0x0000000705e00000|100%| O|  |TAMS 0x0000000705c00000, 0x0000000705c00000| Untracked 
|  37|0x0000000705e00000, 0x0000000705e2c400, 0x0000000706000000|  8%| O|  |TAMS 0x0000000705e00000, 0x0000000705e00000| Untracked 
|  38|0x0000000706000000, 0x0000000706000000, 0x0000000706200000|  0%| F|  |TAMS 0x0000000706000000, 0x0000000706000000| Untracked 
|  39|0x0000000706200000, 0x0000000706200000, 0x0000000706400000|  0%| F|  |TAMS 0x0000000706200000, 0x0000000706200000| Untracked 
|  40|0x0000000706400000, 0x0000000706400000, 0x0000000706600000|  0%| F|  |TAMS 0x0000000706400000, 0x0000000706400000| Untracked 
|  41|0x0000000706600000, 0x0000000706600000, 0x0000000706800000|  0%| F|  |TAMS 0x0000000706600000, 0x0000000706600000| Untracked 
|  42|0x0000000706800000, 0x0000000706800000, 0x0000000706a00000|  0%| F|  |TAMS 0x0000000706800000, 0x0000000706800000| Untracked 
|  43|0x0000000706a00000, 0x0000000706a00000, 0x0000000706c00000|  0%| F|  |TAMS 0x0000000706a00000, 0x0000000706a00000| Untracked 
|  44|0x0000000706c00000, 0x0000000706c00000, 0x0000000706e00000|  0%| F|  |TAMS 0x0000000706c00000, 0x0000000706c00000| Untracked 
|  45|0x0000000706e00000, 0x0000000706e00000, 0x0000000707000000|  0%| F|  |TAMS 0x0000000706e00000, 0x0000000706e00000| Untracked 
|  46|0x0000000707000000, 0x0000000707200000, 0x0000000707200000|100%| S|CS|TAMS 0x0000000707000000, 0x0000000707000000| Complete 
|  47|0x0000000707200000, 0x0000000707400000, 0x0000000707400000|100%| S|CS|TAMS 0x0000000707200000, 0x0000000707200000| Complete 
|  48|0x0000000707400000, 0x0000000707600000, 0x0000000707600000|100%| S|CS|TAMS 0x0000000707400000, 0x0000000707400000| Complete 
|  49|0x0000000707600000, 0x0000000707600000, 0x0000000707800000|  0%| F|  |TAMS 0x0000000707600000, 0x0000000707600000| Untracked 
|  50|0x0000000707800000, 0x0000000707800000, 0x0000000707a00000|  0%| F|  |TAMS 0x0000000707800000, 0x0000000707800000| Untracked 
|  51|0x0000000707a00000, 0x0000000707a00000, 0x0000000707c00000|  0%| F|  |TAMS 0x0000000707a00000, 0x0000000707a00000| Untracked 
|  52|0x0000000707c00000, 0x0000000707c00000, 0x0000000707e00000|  0%| F|  |TAMS 0x0000000707c00000, 0x0000000707c00000| Untracked 
|  53|0x0000000707e00000, 0x0000000707e00000, 0x0000000708000000|  0%| F|  |TAMS 0x0000000707e00000, 0x0000000707e00000| Untracked 
|  54|0x0000000708000000, 0x0000000708000000, 0x0000000708200000|  0%| F|  |TAMS 0x0000000708000000, 0x0000000708000000| Untracked 
|  55|0x0000000708200000, 0x0000000708200000, 0x0000000708400000|  0%| F|  |TAMS 0x0000000708200000, 0x0000000708200000| Untracked 
|  56|0x0000000708400000, 0x0000000708400000, 0x0000000708600000|  0%| F|  |TAMS 0x0000000708400000, 0x0000000708400000| Untracked 
|  57|0x0000000708600000, 0x0000000708600000, 0x0000000708800000|  0%| F|  |TAMS 0x0000000708600000, 0x0000000708600000| Untracked 
|  58|0x0000000708800000, 0x0000000708800000, 0x0000000708a00000|  0%| F|  |TAMS 0x0000000708800000, 0x0000000708800000| Untracked 
|  59|0x0000000708a00000, 0x0000000708a00000, 0x0000000708c00000|  0%| F|  |TAMS 0x0000000708a00000, 0x0000000708a00000| Untracked 
|  60|0x0000000708c00000, 0x0000000708c00000, 0x0000000708e00000|  0%| F|  |TAMS 0x0000000708c00000, 0x0000000708c00000| Untracked 
|  61|0x0000000708e00000, 0x0000000708e00000, 0x0000000709000000|  0%| F|  |TAMS 0x0000000708e00000, 0x0000000708e00000| Untracked 
|  62|0x0000000709000000, 0x0000000709000000, 0x0000000709200000|  0%| F|  |TAMS 0x0000000709000000, 0x0000000709000000| Untracked 
|  63|0x0000000709200000, 0x0000000709200000, 0x0000000709400000|  0%| F|  |TAMS 0x0000000709200000, 0x0000000709200000| Untracked 
|  64|0x0000000709400000, 0x0000000709400000, 0x0000000709600000|  0%| F|  |TAMS 0x0000000709400000, 0x0000000709400000| Untracked 
|  65|0x0000000709600000, 0x0000000709600000, 0x0000000709800000|  0%| F|  |TAMS 0x0000000709600000, 0x0000000709600000| Untracked 
|  66|0x0000000709800000, 0x00000007099c0aa8, 0x0000000709a00000| 87%| E|  |TAMS 0x0000000709800000, 0x0000000709800000| Complete 
|  67|0x0000000709a00000, 0x0000000709c00000, 0x0000000709c00000|100%| E|CS|TAMS 0x0000000709a00000, 0x0000000709a00000| Complete 
|  68|0x0000000709c00000, 0x0000000709e00000, 0x0000000709e00000|100%| E|CS|TAMS 0x0000000709c00000, 0x0000000709c00000| Complete 
|  69|0x0000000709e00000, 0x000000070a000000, 0x000000070a000000|100%| E|CS|TAMS 0x0000000709e00000, 0x0000000709e00000| Complete 
|  70|0x000000070a000000, 0x000000070a200000, 0x000000070a200000|100%| E|CS|TAMS 0x000000070a000000, 0x000000070a000000| Complete 
|  71|0x000000070a200000, 0x000000070a400000, 0x000000070a400000|100%| E|CS|TAMS 0x000000070a200000, 0x000000070a200000| Complete 
|  72|0x000000070a400000, 0x000000070a600000, 0x000000070a600000|100%| E|CS|TAMS 0x000000070a400000, 0x000000070a400000| Complete 
|  73|0x000000070a600000, 0x000000070a800000, 0x000000070a800000|100%| E|CS|TAMS 0x000000070a600000, 0x000000070a600000| Complete 
|  74|0x000000070a800000, 0x000000070aa00000, 0x000000070aa00000|100%| E|CS|TAMS 0x000000070a800000, 0x000000070a800000| Complete 
|  75|0x000000070aa00000, 0x000000070ac00000, 0x000000070ac00000|100%| E|CS|TAMS 0x000000070aa00000, 0x000000070aa00000| Complete 
|  76|0x000000070ac00000, 0x000000070ae00000, 0x000000070ae00000|100%| E|CS|TAMS 0x000000070ac00000, 0x000000070ac00000| Complete 
|  77|0x000000070ae00000, 0x000000070b000000, 0x000000070b000000|100%| E|CS|TAMS 0x000000070ae00000, 0x000000070ae00000| Complete 
|  78|0x000000070b000000, 0x000000070b200000, 0x000000070b200000|100%| E|CS|TAMS 0x000000070b000000, 0x000000070b000000| Complete 
|  79|0x000000070b200000, 0x000000070b400000, 0x000000070b400000|100%| E|CS|TAMS 0x000000070b200000, 0x000000070b200000| Complete 
| 127|0x0000000711200000, 0x0000000711400000, 0x0000000711400000|100%| E|CS|TAMS 0x0000000711200000, 0x0000000711200000| Complete 

Card table byte_map: [0x0000024f6a4e0000,0x0000024f6ace0000] _byte_map_base: 0x0000024f66cd6000

Marking Bits (Prev, Next): (CMBitMap*) 0x0000024f57885800, (CMBitMap*) 0x0000024f57885840
 Prev Bits: [0x0000024f6b4e0000, 0x0000024f6f490000)
 Next Bits: [0x0000024f6f490000, 0x0000024f73440000)

Polling page: 0x0000024f557f0000

Metaspace:

Usage:
  Non-class:     74.82 MB used.
      Class:      9.54 MB used.
       Both:     84.37 MB used.

Virtual space:
  Non-class space:       80.00 MB reserved,      75.00 MB ( 94%) committed,  10 nodes.
      Class space:        1.00 GB reserved,       9.69 MB ( <1%) committed,  1 nodes.
             Both:        1.08 GB reserved,      84.69 MB (  8%) committed. 

Chunk freelists:
   Non-Class:  592.00 KB
       Class:  2.28 MB
        Both:  2.86 MB

MaxMetaspaceSize: unlimited
CompressedClassSpaceSize: 1.00 GB
Initial GC threshold: 21.00 MB
Current GC threshold: 136.69 MB
CDS: off
MetaspaceReclaimPolicy: balanced
 - commit_granule_bytes: 65536.
 - commit_granule_words: 8192.
 - virtual_space_node_default_size: 1048576.
 - enlarge_chunks_in_place: 1.
 - new_chunks_are_fully_committed: 0.
 - uncommit_free_chunks: 1.
 - use_allocation_guard: 0.
 - handle_deallocations: 1.


Internal statistics:

num_allocs_failed_limit: 12.
num_arena_births: 394.
num_arena_deaths: 0.
num_vsnodes_births: 11.
num_vsnodes_deaths: 0.
num_space_committed: 1353.
num_space_uncommitted: 0.
num_chunks_returned_to_freelist: 12.
num_chunks_taken_from_freelist: 3165.
num_chunk_merges: 12.
num_chunk_splits: 2564.
num_chunks_enlarged: 2256.
num_purges: 0.
num_inconsistent_stats: 0.

CodeHeap 'non-profiled nmethods': size=120000Kb used=6292Kb max_used=6292Kb free=113707Kb
 bounds [0x0000024f627b0000, 0x0000024f62de0000, 0x0000024f69ce0000]
CodeHeap 'profiled nmethods': size=120000Kb used=35357Kb max_used=35357Kb free=84642Kb
 bounds [0x0000024f5ace0000, 0x0000024f5cf70000, 0x0000024f62210000]
CodeHeap 'non-nmethods': size=5760Kb used=1407Kb max_used=1509Kb free=4352Kb
 bounds [0x0000024f62210000, 0x0000024f62480000, 0x0000024f627b0000]
 total_blobs=12657 nmethods=11921 adapters=645
 compilation: enabled
              stopped_count=0, restarted_count=0
 full_count=0

Compilation events (20 events):
Event: 12.757 Thread 0x0000024f7648d360 nmethod 13976 0x0000024f5cf27910 code [0x0000024f5cf27b20, 0x0000024f5cf28138]
Event: 12.757 Thread 0x0000024f7648d360 13977       3       org.jetbrains.kotlin.ir.expressions.impl.IrElseBranchImpl::setResult (12 bytes)
Event: 12.757 Thread 0x0000024f7648d360 nmethod 13977 0x0000024f5cf28390 code [0x0000024f5cf285a0, 0x0000024f5cf28bb8]
Event: 12.757 Thread 0x0000024f7648d360 13975       3       org.jetbrains.kotlin.ir.declarations.impl.IrClassImpl::setTypeParameters (12 bytes)
Event: 12.758 Thread 0x0000024f7648d360 nmethod 13975 0x0000024f5cf28e10 code [0x0000024f5cf29020, 0x0000024f5cf29638]
Event: 12.758 Thread 0x0000024f7648d360 13978       1       org.jetbrains.kotlin.ir.declarations.impl.IrPropertyCommonImpl::isDelegated (5 bytes)
Event: 12.758 Thread 0x0000024f7648d360 nmethod 13978 0x0000024f62dc6790 code [0x0000024f62dc6920, 0x0000024f62dc69f8]
Event: 12.775 Thread 0x0000024f7648d360 13979       3       org.jetbrains.kotlin.backend.jvm.lower.PropertyReferenceLowering::visitCall (262 bytes)
Event: 12.778 Thread 0x0000024f7648d360 nmethod 13979 0x0000024f5cf29890 code [0x0000024f5cf2a160, 0x0000024f5cf2f718]
Event: 12.778 Thread 0x0000024f7648d360 13980       2       org.jetbrains.kotlin.backend.common.BodyLoweringVisitor::visitSimpleFunction (13 bytes)
Event: 12.779 Thread 0x0000024f7648d360 nmethod 13980 0x0000024f5cf30f10 code [0x0000024f5cf31120, 0x0000024f5cf315c8]
Event: 12.779 Thread 0x0000024f7648d360 13983       3       org.jetbrains.kotlin.backend.common.ClassLoweringVisitor::visitTypeOperator (13 bytes)
Event: 12.779 Thread 0x0000024f7648d360 nmethod 13983 0x0000024f5cf31910 code [0x0000024f5cf31c00, 0x0000024f5cf32ae8]
Event: 12.779 Thread 0x0000024f7648d360 13984       3       org.jetbrains.kotlin.backend.common.ClassLoweringVisitor::visitTypeOperator (7 bytes)
Event: 12.780 Thread 0x0000024f7648d360 nmethod 13984 0x0000024f5cf33010 code [0x0000024f5cf33300, 0x0000024f5cf34088]
Event: 12.780 Thread 0x0000024f7648d360 13988       3       org.jetbrains.kotlin.ir.visitors.IrElementTransformerVoid::visitElseBranch (18 bytes)
Event: 12.781 Thread 0x0000024f7648d360 nmethod 13988 0x0000024f5cf34590 code [0x0000024f5cf34a00, 0x0000024f5cf36b58]
Event: 12.781 Thread 0x0000024f7648d360 13985       3       org.jetbrains.kotlin.backend.common.ClassLoweringVisitor::visitTypeOperator (6 bytes)
Event: 12.781 Thread 0x0000024f7648d360 nmethod 13985 0x0000024f5cf37610 code [0x0000024f5cf37920, 0x0000024f5cf38808]
Event: 12.782 Thread 0x0000024f7648d360 13990       3       org.jetbrains.kotlin.backend.common.lower.matchers.IrCallMatcherContainer::callee (22 bytes)

GC Heap History (20 events):
Event: 5.147 GC heap before
{Heap before GC invocations=13 (full 0):
 garbage-first heap   total 96256K, used 62878K [0x0000000701400000, 0x0000000800000000)
  region size 2048K, 12 young (24576K), 3 survivors (6144K)
 Metaspace       used 56590K, committed 56896K, reserved 1105920K
  class space    used 6606K, committed 6784K, reserved 1048576K
}
Event: 5.159 GC heap after
{Heap after GC invocations=14 (full 0):
 garbage-first heap   total 116736K, used 50008K [0x0000000701400000, 0x0000000800000000)
  region size 2048K, 2 young (4096K), 2 survivors (4096K)
 Metaspace       used 56590K, committed 56896K, reserved 1105920K
  class space    used 6606K, committed 6784K, reserved 1048576K
}
Event: 5.716 GC heap before
{Heap before GC invocations=15 (full 0):
 garbage-first heap   total 116736K, used 86872K [0x0000000701400000, 0x0000000800000000)
  region size 2048K, 20 young (40960K), 2 survivors (4096K)
 Metaspace       used 59566K, committed 59840K, reserved 1105920K
  class space    used 6962K, committed 7104K, reserved 1048576K
}
Event: 5.729 GC heap after
{Heap after GC invocations=16 (full 0):
 garbage-first heap   total 116736K, used 53698K [0x0000000701400000, 0x0000000800000000)
  region size 2048K, 2 young (4096K), 2 survivors (4096K)
 Metaspace       used 59566K, committed 59840K, reserved 1105920K
  class space    used 6962K, committed 7104K, reserved 1048576K
}
Event: 6.487 GC heap before
{Heap before GC invocations=17 (full 0):
 garbage-first heap   total 116736K, used 86466K [0x0000000701400000, 0x0000000800000000)
  region size 2048K, 19 young (38912K), 2 survivors (4096K)
 Metaspace       used 64820K, committed 65088K, reserved 1114112K
  class space    used 7696K, committed 7808K, reserved 1048576K
}
Event: 6.498 GC heap after
{Heap after GC invocations=18 (full 0):
 garbage-first heap   total 116736K, used 57162K [0x0000000701400000, 0x0000000800000000)
  region size 2048K, 2 young (4096K), 2 survivors (4096K)
 Metaspace       used 64820K, committed 65088K, reserved 1114112K
  class space    used 7696K, committed 7808K, reserved 1048576K
}
Event: 7.435 GC heap before
{Heap before GC invocations=18 (full 0):
 garbage-first heap   total 116736K, used 87882K [0x0000000701400000, 0x0000000800000000)
  region size 2048K, 18 young (36864K), 2 survivors (4096K)
 Metaspace       used 67506K, committed 67840K, reserved 1114112K
  class space    used 7967K, committed 8128K, reserved 1048576K
}
Event: 7.449 GC heap after
{Heap after GC invocations=19 (full 0):
 garbage-first heap   total 116736K, used 63173K [0x0000000701400000, 0x0000000800000000)
  region size 2048K, 3 young (6144K), 3 survivors (6144K)
 Metaspace       used 67506K, committed 67840K, reserved 1114112K
  class space    used 7967K, committed 8128K, reserved 1048576K
}
Event: 8.442 GC heap before
{Heap before GC invocations=20 (full 0):
 garbage-first heap   total 116736K, used 89797K [0x0000000701400000, 0x0000000800000000)
  region size 2048K, 16 young (32768K), 3 survivors (6144K)
 Metaspace       used 68842K, committed 69184K, reserved 1114112K
  class space    used 8032K, committed 8192K, reserved 1048576K
}
Event: 8.458 GC heap after
{Heap after GC invocations=21 (full 0):
 garbage-first heap   total 116736K, used 66563K [0x0000000701400000, 0x0000000800000000)
  region size 2048K, 2 young (4096K), 2 survivors (4096K)
 Metaspace       used 68842K, committed 69184K, reserved 1114112K
  class space    used 8032K, committed 8192K, reserved 1048576K
}
Event: 9.468 GC heap before
{Heap before GC invocations=21 (full 0):
 garbage-first heap   total 116736K, used 91139K [0x0000000701400000, 0x0000000800000000)
  region size 2048K, 14 young (28672K), 2 survivors (4096K)
 Metaspace       used 69622K, committed 69952K, reserved 1114112K
  class space    used 8048K, committed 8192K, reserved 1048576K
}
Event: 9.482 GC heap after
{Heap after GC invocations=22 (full 0):
 garbage-first heap   total 116736K, used 70004K [0x0000000701400000, 0x0000000800000000)
  region size 2048K, 2 young (4096K), 2 survivors (4096K)
 Metaspace       used 69622K, committed 69952K, reserved 1114112K
  class space    used 8048K, committed 8192K, reserved 1048576K
}
Event: 10.306 GC heap before
{Heap before GC invocations=23 (full 0):
 garbage-first heap   total 122880K, used 92532K [0x0000000701400000, 0x0000000800000000)
  region size 2048K, 13 young (26624K), 2 survivors (4096K)
 Metaspace       used 70403K, committed 70720K, reserved 1114112K
  class space    used 8094K, committed 8256K, reserved 1048576K
}
Event: 10.315 GC heap after
{Heap after GC invocations=24 (full 0):
 garbage-first heap   total 122880K, used 71775K [0x0000000701400000, 0x0000000800000000)
  region size 2048K, 1 young (2048K), 1 survivors (2048K)
 Metaspace       used 70403K, committed 70720K, reserved 1114112K
  class space    used 8094K, committed 8256K, reserved 1048576K
}
Event: 10.867 GC heap before
{Heap before GC invocations=24 (full 0):
 garbage-first heap   total 122880K, used 98399K [0x0000000701400000, 0x0000000800000000)
  region size 2048K, 14 young (28672K), 1 survivors (2048K)
 Metaspace       used 74585K, committed 74944K, reserved 1122304K
  class space    used 8510K, committed 8640K, reserved 1048576K
}
Event: 10.877 GC heap after
{Heap after GC invocations=25 (full 0):
 garbage-first heap   total 122880K, used 73705K [0x0000000701400000, 0x0000000800000000)
  region size 2048K, 2 young (4096K), 2 survivors (4096K)
 Metaspace       used 74585K, committed 74944K, reserved 1122304K
  class space    used 8510K, committed 8640K, reserved 1048576K
}
Event: 11.635 GC heap before
{Heap before GC invocations=26 (full 0):
 garbage-first heap   total 137216K, used 96233K [0x0000000701400000, 0x0000000800000000)
  region size 2048K, 13 young (26624K), 2 survivors (4096K)
 Metaspace       used 76984K, committed 77312K, reserved 1122304K
  class space    used 8754K, committed 8896K, reserved 1048576K
}
Event: 11.646 GC heap after
{Heap after GC invocations=27 (full 0):
 garbage-first heap   total 137216K, used 77203K [0x0000000701400000, 0x0000000800000000)
  region size 2048K, 2 young (4096K), 2 survivors (4096K)
 Metaspace       used 76984K, committed 77312K, reserved 1122304K
  class space    used 8754K, committed 8896K, reserved 1048576K
}
Event: 12.175 GC heap before
{Heap before GC invocations=27 (full 0):
 garbage-first heap   total 137216K, used 107923K [0x0000000701400000, 0x0000000800000000)
  region size 2048K, 18 young (36864K), 2 survivors (4096K)
 Metaspace       used 82754K, committed 83072K, reserved 1130496K
  class space    used 9394K, committed 9536K, reserved 1048576K
}
Event: 12.185 GC heap after
{Heap after GC invocations=28 (full 0):
 garbage-first heap   total 165888K, used 81782K [0x0000000701400000, 0x0000000800000000)
  region size 2048K, 3 young (6144K), 3 survivors (6144K)
 Metaspace       used 82754K, committed 83072K, reserved 1130496K
  class space    used 9394K, committed 9536K, reserved 1048576K
}

Dll operation events (2 events):
Event: 0.009 Loaded shared library D:\Android Studio1\jbr\bin\java.dll
Event: 1.043 Loaded shared library D:\Android Studio1\jbr\bin\verify.dll

Deoptimization events (20 events):
Event: 12.752 Thread 0x0000024f578158f0 Uncommon trap: trap_request=0xffffffde fr.pc=0x0000024f62d33134 relative=0x0000000000000094
Event: 12.752 Thread 0x0000024f578158f0 Uncommon trap: reason=class_check action=maybe_recompile pc=0x0000024f62d33134 method=org.jetbrains.kotlin.ir.declarations.IrValueParameter.acceptChildren(Lorg/jetbrains/kotlin/ir/visitors/IrElementVisitor;Ljava/lang/Object;)V @ 7 c2
Event: 12.752 Thread 0x0000024f578158f0 DEOPT PACKING pc=0x0000024f62d33134 sp=0x000000c4267fc2e0
Event: 12.752 Thread 0x0000024f578158f0 DEOPT UNPACKING pc=0x0000024f622669a3 sp=0x000000c4267fc278 mode 2
Event: 12.752 Thread 0x0000024f578158f0 DEOPT PACKING pc=0x0000024f62d4b910 sp=0x000000c4267fd640
Event: 12.752 Thread 0x0000024f578158f0 DEOPT UNPACKING pc=0x0000024f62267143 sp=0x000000c4267fca68 mode 0
Event: 12.753 Thread 0x0000024f578158f0 Uncommon trap: trap_request=0xffffffde fr.pc=0x0000024f62d33134 relative=0x0000000000000094
Event: 12.753 Thread 0x0000024f578158f0 Uncommon trap: reason=class_check action=maybe_recompile pc=0x0000024f62d33134 method=org.jetbrains.kotlin.ir.declarations.IrValueParameter.acceptChildren(Lorg/jetbrains/kotlin/ir/visitors/IrElementVisitor;Ljava/lang/Object;)V @ 7 c2
Event: 12.753 Thread 0x0000024f578158f0 DEOPT PACKING pc=0x0000024f62d33134 sp=0x000000c4267fbd70
Event: 12.753 Thread 0x0000024f578158f0 DEOPT UNPACKING pc=0x0000024f622669a3 sp=0x000000c4267fbd08 mode 2
Event: 12.755 Thread 0x0000024f578158f0 Uncommon trap: trap_request=0xffffffc6 fr.pc=0x0000024f62d8ea14 relative=0x00000000000003f4
Event: 12.755 Thread 0x0000024f578158f0 Uncommon trap: reason=bimorphic_or_optimized_type_check action=maybe_recompile pc=0x0000024f62d8ea14 method=org.jetbrains.kotlin.ir.declarations.IrDeclarationsKt.isSingleFieldValueClass(Lorg/jetbrains/kotlin/ir/declarations/IrClass;)Z @ 7 c2
Event: 12.755 Thread 0x0000024f578158f0 DEOPT PACKING pc=0x0000024f62d8ea14 sp=0x000000c4267fc090
Event: 12.755 Thread 0x0000024f578158f0 DEOPT UNPACKING pc=0x0000024f622669a3 sp=0x000000c4267fc070 mode 2
Event: 12.762 Thread 0x0000024f578158f0 Uncommon trap: trap_request=0xffffffc6 fr.pc=0x0000024f62b15c00 relative=0x0000000000005280
Event: 12.762 Thread 0x0000024f578158f0 Uncommon trap: reason=bimorphic_or_optimized_type_check action=maybe_recompile pc=0x0000024f62b15c00 method=org.jetbrains.org.objectweb.asm.ClassReader.accept(Lorg/jetbrains/org/objectweb/asm/ClassVisitor;[Lorg/jetbrains/org/objectweb/asm/Attribute;I)V @ 
Event: 12.763 Thread 0x0000024f578158f0 DEOPT PACKING pc=0x0000024f62b15c00 sp=0x000000c4267fc100
Event: 12.763 Thread 0x0000024f578158f0 DEOPT UNPACKING pc=0x0000024f622669a3 sp=0x000000c4267fc068 mode 2
Event: 12.769 Thread 0x0000024f578158f0 DEOPT PACKING pc=0x0000024f62bb2198 sp=0x000000c4267fbf90
Event: 12.769 Thread 0x0000024f578158f0 DEOPT UNPACKING pc=0x0000024f62267143 sp=0x000000c4267fb440 mode 0

Classes unloaded (0 events):
No events

Classes redefined (0 events):
No events

Internal exceptions (20 events):
Event: 6.194 Thread 0x0000024f578158f0 Implicit null exception at 0x0000024f627cab72 to 0x0000024f627cb1ac
Event: 6.207 Thread 0x0000024f578158f0 Exception <a 'java/lang/NoSuchMethodError'{0x0000000706da9940}: 'java.lang.Object java.lang.invoke.DirectMethodHandle$Holder.invokeInterface(java.lang.Object, java.lang.Object, java.lang.Object)'> (0x0000000706da9940) 
thrown [s\src\hotspot\share\interpreter\linkResolver.cpp, line 771]
Event: 6.207 Thread 0x0000024f578158f0 Exception <a 'java/lang/IncompatibleClassChangeError'{0x0000000706dad2b0}: Found class java.lang.Object, but interface was expected> (0x0000000706dad2b0) 
thrown [s\src\hotspot\share\interpreter\linkResolver.cpp, line 838]
Event: 6.217 Thread 0x0000024f578158f0 Implicit null exception at 0x0000024f627cc4f2 to 0x0000024f627ccb2c
Event: 6.455 Thread 0x0000024f578158f0 Exception <a 'java/lang/NoSuchMethodError'{0x00000007064ad978}: 'int java.lang.invoke.DirectMethodHandle$Holder.invokeStaticInit(java.lang.Object, int)'> (0x00000007064ad978) 
thrown [s\src\hotspot\share\interpreter\linkResolver.cpp, line 771]
Event: 8.435 Thread 0x0000024f578158f0 Implicit null exception at 0x0000024f627e4bc0 to 0x0000024f627e5b70
Event: 10.098 Thread 0x0000024f578158f0 Implicit null exception at 0x0000024f6284d090 to 0x0000024f6284d338
Event: 10.534 Thread 0x0000024f578158f0 Exception <a 'java/lang/NoSuchMethodError'{0x0000000708233fa0}: 'java.lang.Object java.lang.invoke.DirectMethodHandle$Holder.invokeStaticInit(java.lang.Object, java.lang.Object, java.lang.Object, java.lang.Object)'> (0x0000000708233fa0) 
thrown [s\src\hotspot\share\interpreter\linkResolver.cpp, line 771]
Event: 10.694 Thread 0x0000024f578158f0 Implicit null exception at 0x0000024f628168e0 to 0x0000024f6281697a
Event: 10.726 Thread 0x0000024f578158f0 Exception <a 'java/lang/NoSuchMethodError'{0x00000007076b1e70}: 'java.lang.Object java.lang.invoke.DirectMethodHandle$Holder.newInvokeSpecial(java.lang.Object, java.lang.Object, java.lang.Object, int, int)'> (0x00000007076b1e70) 
thrown [s\src\hotspot\share\interpreter\linkResolver.cpp, line 771]
Event: 10.726 Thread 0x0000024f578158f0 Exception <a 'java/lang/NoSuchMethodError'{0x00000007076b5cb0}: 'java.lang.Object java.lang.invoke.DirectMethodHandle$Holder.invokeSpecial(java.lang.Object, java.lang.Object, java.lang.Object, java.lang.Object, int, int)'> (0x00000007076b5cb0) 
thrown [s\src\hotspot\share\interpreter\linkResolver.cpp, line 771]
Event: 11.070 Thread 0x0000024f578158f0 Exception <a 'java/lang/NoSuchMethodError'{0x000000070877b828}: 'java.lang.Object java.lang.invoke.DirectMethodHandle$Holder.newInvokeSpecial(java.lang.Object, java.lang.Object, java.lang.Object, int, int, java.lang.Object)'> (0x000000070877b828) 
thrown [s\src\hotspot\share\interpreter\linkResolver.cpp, line 771]
Event: 11.070 Thread 0x0000024f578158f0 Exception <a 'java/lang/NoSuchMethodError'{0x00000007087831c8}: 'java.lang.Object java.lang.invoke.Invokers$Holder.linkToTargetMethod(java.lang.Object, java.lang.Object, int, int, java.lang.Object, java.lang.Object)'> (0x00000007087831c8) 
thrown [s\src\hotspot\share\interpreter\linkResolver.cpp, line 771]
Event: 11.159 Thread 0x0000024f578158f0 Exception <a 'java/lang/NoSuchMethodError'{0x000000070979d8d8}: 'java.lang.Object java.lang.invoke.DirectMethodHandle$Holder.newInvokeSpecial(java.lang.Object, java.lang.Object, java.lang.Object, int, int, java.lang.Object, java.lang.Object, java.lang.Object, java.lang.Object)'> (0x000000070979d8d8) 
thrown [s\src\hotspot\share\interpreter\linkResolver.cpp, line 771]
Event: 11.160 Thread 0x0000024f578158f0 Exception <a 'java/lang/NoSuchMethodError'{0x00000007097a7180}: 'java.lang.Object java.lang.invoke.Invokers$Holder.linkToTargetMethod(java.lang.Object, java.lang.Object, int, int, java.lang.Object, java.lang.Object, java.lang.Object, java.lang.Object, java.lang.Object)'> (0x00000007097a7180) 
thrown [s\src\hotspot\share\interpreter\linkResolver.cpp, line 771]
Event: 11.182 Thread 0x0000024f578158f0 Exception <a 'java/lang/NoSuchMethodError'{0x000000070944e0d0}: 'java.lang.Object java.lang.invoke.DirectMethodHandle$Holder.newInvokeSpecial(java.lang.Object, int, java.lang.Object, java.lang.Object)'> (0x000000070944e0d0) 
thrown [s\src\hotspot\share\interpreter\linkResolver.cpp, line 771]
Event: 11.296 Thread 0x0000024f578158f0 Implicit null exception at 0x0000024f6281c5a0 to 0x0000024f6281c8a0
Event: 11.477 Thread 0x0000024f578158f0 Implicit null exception at 0x0000024f62aa6ef5 to 0x0000024f62aa9008
Event: 11.550 Thread 0x0000024f578158f0 Exception <a 'java/lang/NoSuchMethodError'{0x0000000708bcf9a0}: 'java.lang.Object java.lang.invoke.DirectMethodHandle$Holder.newInvokeSpecial(java.lang.Object, java.lang.Object, int, int, java.lang.Object, java.lang.Object, java.lang.Object)'> (0x0000000708bcf9a0) 
thrown [s\src\hotspot\share\interpreter\linkResolver.cpp, line 771]
Event: 11.550 Thread 0x0000024f578158f0 Exception <a 'java/lang/NoSuchMethodError'{0x0000000708bd4038}: 'java.lang.Object java.lang.invoke.DirectMethodHandle$Holder.invokeSpecial(java.lang.Object, java.lang.Object, java.lang.Object, int, int, java.lang.Object, java.lang.Object, java.lang.Object)'> (0x0000000708bd4038) 
thrown [s\src\hotspot\share\interpreter\linkResolver.cpp, line 771]

VM Operations (20 events):
Event: 12.414 Executing VM operation: HandshakeAllThreads
Event: 12.414 Executing VM operation: HandshakeAllThreads done
Event: 12.423 Executing VM operation: HandshakeAllThreads
Event: 12.423 Executing VM operation: HandshakeAllThreads done
Event: 12.493 Executing VM operation: HandshakeAllThreads
Event: 12.493 Executing VM operation: HandshakeAllThreads done
Event: 12.521 Executing VM operation: ICBufferFull
Event: 12.521 Executing VM operation: ICBufferFull done
Event: 12.547 Executing VM operation: HandshakeAllThreads
Event: 12.547 Executing VM operation: HandshakeAllThreads done
Event: 12.607 Executing VM operation: ICBufferFull
Event: 12.607 Executing VM operation: ICBufferFull done
Event: 12.683 Executing VM operation: ICBufferFull
Event: 12.683 Executing VM operation: ICBufferFull done
Event: 12.745 Executing VM operation: HandshakeAllThreads
Event: 12.745 Executing VM operation: HandshakeAllThreads done
Event: 12.749 Executing VM operation: HandshakeAllThreads
Event: 12.749 Executing VM operation: HandshakeAllThreads done
Event: 12.768 Executing VM operation: HandshakeAllThreads
Event: 12.768 Executing VM operation: HandshakeAllThreads done

Events (20 events):
Event: 12.012 Thread 0x0000024f7648f490 flushing nmethod 0x0000024f5bc3c110
Event: 12.012 Thread 0x0000024f7648f490 flushing nmethod 0x0000024f5bcc5a90
Event: 12.012 Thread 0x0000024f7648f490 flushing nmethod 0x0000024f5bcdef10
Event: 12.014 Thread 0x0000024f7648f490 flushing nmethod 0x0000024f5bfd8d10
Event: 12.015 Thread 0x0000024f7648f490 flushing nmethod 0x0000024f5c065210
Event: 12.015 Thread 0x0000024f7648f490 flushing nmethod 0x0000024f5c17d190
Event: 12.016 Thread 0x0000024f7648f490 flushing nmethod 0x0000024f5c2c2210
Event: 12.016 Thread 0x0000024f7648f490 flushing nmethod 0x0000024f5c2ed210
Event: 12.017 Thread 0x0000024f7648f490 flushing nmethod 0x0000024f5c3ead90
Event: 12.017 Thread 0x0000024f7648f490 flushing nmethod 0x0000024f5c3f1c10
Event: 12.017 Thread 0x0000024f7648f490 flushing nmethod 0x0000024f5c40f810
Event: 12.017 Thread 0x0000024f7648f490 flushing nmethod 0x0000024f5c4b1110
Event: 12.017 Thread 0x0000024f7648f490 flushing nmethod 0x0000024f5c4de890
Event: 12.018 Thread 0x0000024f7648f490 flushing nmethod 0x0000024f5c562610
Event: 12.018 Thread 0x0000024f7648f490 flushing nmethod 0x0000024f5c655790
Event: 12.019 Thread 0x0000024f7648f490 flushing nmethod 0x0000024f5c767c10
Event: 12.019 Thread 0x0000024f7648f490 flushing nmethod 0x0000024f5c83fd90
Event: 12.020 Thread 0x0000024f7648f490 flushing nmethod 0x0000024f5c8b9890
Event: 12.020 Thread 0x0000024f7648f490 flushing nmethod 0x0000024f5c8e4b90
Event: 12.021 Thread 0x0000024f7648f490 flushing nmethod 0x0000024f5ca98890


Dynamic libraries:
0x00007ff790c40000 - 0x00007ff790c4a000 	D:\Android Studio1\jbr\bin\java.exe
0x00007ffe2e4d0000 - 0x00007ffe2e6e7000 	C:\WINDOWS\SYSTEM32\ntdll.dll
0x00007ffe2cd40000 - 0x00007ffe2ce04000 	C:\WINDOWS\System32\KERNEL32.DLL
0x00007ffe2bd20000 - 0x00007ffe2c0c6000 	C:\WINDOWS\System32\KERNELBASE.dll
0x00007ffe2b850000 - 0x00007ffe2b961000 	C:\WINDOWS\System32\ucrtbase.dll
0x00007ffe08ae0000 - 0x00007ffe08af7000 	D:\Android Studio1\jbr\bin\jli.dll
0x00007ffde8370000 - 0x00007ffde838b000 	D:\Android Studio1\jbr\bin\VCRUNTIME140.dll
0x00007ffe2d6d0000 - 0x00007ffe2d87e000 	C:\WINDOWS\System32\USER32.dll
0x00007ffe2bb80000 - 0x00007ffe2bba6000 	C:\WINDOWS\System32\win32u.dll
0x00007ffe14d30000 - 0x00007ffe14fc3000 	C:\WINDOWS\WinSxS\amd64_microsoft.windows.common-controls_6595b64144ccf1df_6.0.22621.2191_none_2715cffb738043a6\COMCTL32.dll
0x00007ffe2c4f0000 - 0x00007ffe2c597000 	C:\WINDOWS\System32\msvcrt.dll
0x00007ffe2e280000 - 0x00007ffe2e2a9000 	C:\WINDOWS\System32\GDI32.dll
0x00007ffe2b970000 - 0x00007ffe2ba88000 	C:\WINDOWS\System32\gdi32full.dll
0x00007ffe2c190000 - 0x00007ffe2c22a000 	C:\WINDOWS\System32\msvcp_win.dll
0x00007ffe2c4b0000 - 0x00007ffe2c4e1000 	C:\WINDOWS\System32\IMM32.DLL
0x00007ffe09220000 - 0x00007ffe0922c000 	D:\Android Studio1\jbr\bin\vcruntime140_1.dll
0x00007ffdcbea0000 - 0x00007ffdcbf2d000 	D:\Android Studio1\jbr\bin\msvcp140.dll
0x00007ffdbff90000 - 0x00007ffdc0bfe000 	D:\Android Studio1\jbr\bin\server\jvm.dll
0x00007ffe2d230000 - 0x00007ffe2d2e0000 	C:\WINDOWS\System32\ADVAPI32.dll
0x00007ffe2ce90000 - 0x00007ffe2cf36000 	C:\WINDOWS\System32\sechost.dll
0x00007ffe2d110000 - 0x00007ffe2d227000 	C:\WINDOWS\System32\RPCRT4.dll
0x00007ffe21a90000 - 0x00007ffe21a99000 	C:\WINDOWS\SYSTEM32\WSOCK32.dll
0x00007ffe2e410000 - 0x00007ffe2e481000 	C:\WINDOWS\System32\WS2_32.dll
0x00007ffe22580000 - 0x00007ffe225b4000 	C:\WINDOWS\SYSTEM32\WINMM.dll
0x00007ffe23650000 - 0x00007ffe2365a000 	C:\WINDOWS\SYSTEM32\VERSION.dll
0x00007ffe2a890000 - 0x00007ffe2a8a8000 	C:\WINDOWS\SYSTEM32\kernel.appcore.dll
0x00007ffe28b40000 - 0x00007ffe28b4a000 	D:\Android Studio1\jbr\bin\jimage.dll
0x00007ffe22630000 - 0x00007ffe2285e000 	C:\WINDOWS\SYSTEM32\DBGHELP.DLL
0x00007ffe2d340000 - 0x00007ffe2d6ca000 	C:\WINDOWS\System32\combase.dll
0x00007ffe2cc60000 - 0x00007ffe2cd37000 	C:\WINDOWS\System32\OLEAUT32.dll
0x00007ffe1d350000 - 0x00007ffe1d382000 	C:\WINDOWS\SYSTEM32\dbgcore.DLL
0x00007ffe2bb00000 - 0x00007ffe2bb7a000 	C:\WINDOWS\System32\bcryptPrimitives.dll
0x00007ffe0d9a0000 - 0x00007ffe0d9c5000 	D:\Android Studio1\jbr\bin\java.dll
0x00007ffe153f0000 - 0x00007ffe15408000 	D:\Android Studio1\jbr\bin\zip.dll
0x00007ffe2da20000 - 0x00007ffe2e278000 	C:\WINDOWS\System32\SHELL32.dll
0x00007ffe297b0000 - 0x00007ffe2a0a2000 	C:\WINDOWS\SYSTEM32\windows.storage.dll
0x00007ffe29670000 - 0x00007ffe297ae000 	C:\WINDOWS\SYSTEM32\wintypes.dll
0x00007ffe2c230000 - 0x00007ffe2c323000 	C:\WINDOWS\System32\SHCORE.dll
0x00007ffe2e3b0000 - 0x00007ffe2e40e000 	C:\WINDOWS\System32\shlwapi.dll
0x00007ffe2b780000 - 0x00007ffe2b7a6000 	C:\WINDOWS\SYSTEM32\profapi.dll
0x00007ffe0ed10000 - 0x00007ffe0ed29000 	D:\Android Studio1\jbr\bin\net.dll
0x00007ffe25710000 - 0x00007ffe25847000 	C:\WINDOWS\SYSTEM32\WINHTTP.dll
0x00007ffe2ae00000 - 0x00007ffe2ae69000 	C:\WINDOWS\system32\mswsock.dll
0x00007ffe0c0b0000 - 0x00007ffe0c0c6000 	D:\Android Studio1\jbr\bin\nio.dll
0x00007ffe28b30000 - 0x00007ffe28b40000 	D:\Android Studio1\jbr\bin\verify.dll

dbghelp: loaded successfully - version: 4.0.5 - missing functions: none
symbol engine: initialized successfully - sym options: 0x614 - pdb path: .;D:\Android Studio1\jbr\bin;C:\WINDOWS\SYSTEM32;C:\WINDOWS\WinSxS\amd64_microsoft.windows.common-controls_6595b64144ccf1df_6.0.22621.2191_none_2715cffb738043a6;D:\Android Studio1\jbr\bin\server

VM Arguments:
java_command: org.jetbrains.kotlin.cli.jvm.K2JVMCompiler @D:\Android Studio\Layouts\TaskApp\app\build\20231003_11231007769155179702.compiler.options
java_class_path (initial): C:\Users\Luis\.gradle\caches\modules-2\files-2.1\org.jetbrains.kotlin\kotlin-compiler-embeddable\1.8.0\eb9118d4bcceaa2a94b2ae2a33a4ddba7c9a947f\kotlin-compiler-embeddable-1.8.0.jar;C:\Users\Luis\.gradle\caches\modules-2\files-2.1\org.jetbrains.kotlin\kotlin-stdlib\1.8.0\1796921c7a3e2e2665a83e6c8d33399336cd39bc\kotlin-stdlib-1.8.0.jar;C:\Users\Luis\.gradle\caches\modules-2\files-2.1\org.jetbrains.kotlin\kotlin-script-runtime\1.8.0\b2f7e760d283cb339974851c222a4c1d48f2d3d\kotlin-script-runtime-1.8.0.jar;C:\Users\Luis\.gradle\caches\modules-2\files-2.1\org.jetbrains.kotlin\kotlin-reflect\1.6.10\1cbe9c92c12a94eea200d23c2bbaedaf3daf5132\kotlin-reflect-1.6.10.jar;C:\Users\Luis\.gradle\caches\modules-2\files-2.1\org.jetbrains.kotlin\kotlin-daemon-embeddable\1.8.0\d255216c551685dc3a7e852b53617f5f01aaaa5c\kotlin-daemon-embeddable-1.8.0.jar;C:\Users\Luis\.gradle\caches\modules-2\files-2.1\org.jetbrains.intellij.deps\trove4j\1.0.20200330\3afb14d5f9ceb459d724e907a21145e8ff394f02\trove4j-1.0.20200330.jar;C:\Users\Luis\.gradle\caches\modules-2\files-2.1\net.java.dev.jna\jna\5.6.0\330f2244e9030119ab3030fc3fededc86713d9cc\jna-5.6.0.jar;C:\Users\Luis\.gradle\caches\modules-2\files-2.1\org.jetbrains.kotlin\kotlin-stdlib-common\1.8.0\f7197e7cc76453ac59f8b0f8d5137cc600becd36\kotlin-stdlib-common-1.8.0.jar;C:\Users\Luis\.gradle\caches\modules-2\files-2.1\org.jetbrains\annotations\13.0\919f0dfe192fb4e063e7dacadee7f8bb9a2672a9\annotations-13.0.jar
Launcher Type: SUN_STANDARD

[Global flags]
     intx CICompilerCount                          = 3                                         {product} {ergonomic}
     uint ConcGCThreads                            = 1                                         {product} {ergonomic}
     uint G1ConcRefinementThreads                  = 4                                         {product} {ergonomic}
   size_t G1HeapRegionSize                         = 2097152                                   {product} {ergonomic}
    uintx GCDrainStackTargetSize                   = 64                                        {product} {ergonomic}
   size_t InitialHeapSize                          = 268435456                                 {product} {ergonomic}
   size_t MarkStackSize                            = 4194304                                   {product} {ergonomic}
   size_t MaxHeapSize                              = 4273995776                                {product} {ergonomic}
   size_t MaxNewSize                               = 2562719744                                {product} {ergonomic}
   size_t MinHeapDeltaBytes                        = 2097152                                   {product} {ergonomic}
   size_t MinHeapSize                              = 8388608                                   {product} {ergonomic}
    uintx NonNMethodCodeHeapSize                   = 5832780                                {pd product} {ergonomic}
    uintx NonProfiledCodeHeapSize                  = 122912730                              {pd product} {ergonomic}
    uintx ProfiledCodeHeapSize                     = 122912730                              {pd product} {ergonomic}
    uintx ReservedCodeCacheSize                    = 251658240                              {pd product} {ergonomic}
     bool SegmentedCodeCache                       = true                                      {product} {ergonomic}
   size_t SoftMaxHeapSize                          = 4273995776                             {manageable} {ergonomic}
     bool UseCompressedClassPointers               = true                           {product lp64_product} {ergonomic}
     bool UseCompressedOops                        = true                           {product lp64_product} {ergonomic}
     bool UseG1GC                                  = true                                      {product} {ergonomic}
     bool UseLargePagesIndividualAllocation        = false                                  {pd product} {ergonomic}

Logging:
Log output configuration:
 #0: stdout all=warning uptime,level,tags
 #1: stderr all=off uptime,level,tags

Environment Variables:
PATH=C:\Program Files\Common Files\Oracle\Java\javapath;C:\Program Files (x86)\Common Files\Oracle\Java\javapath;C:\WINDOWS\system32;C:\WINDOWS;C:\WINDOWS\System32\Wbem;C:\WINDOWS\System32\WindowsPowerShell\v1.0\;C:\Program Files\NVIDIA Corporation\NVIDIA NvDLISR;C:\WINDOWS\System32\OpenSSH\;C:\Program Files (x86)\NVIDIA Corporation\PhysX\Common;C:\Program Files (x86)\Universal Extractor;C:\Program Files (x86)\Universal Extractor\bin;C:\WINDOWS\system32;C:\WINDOWS;C:\WINDOWS\System32\Wbem;C:\WINDOWS\System32\WindowsPowerShell\v1.0\;C:\WINDOWS\System32\OpenSSH\;C:\MinGW\bin;C:\Program Files\Microsoft SQL Server\150\Tools\Binn\;C:\jdk-19.0.2\bin;C:\Program Files\Git\cmd;C:\jdk-19_windows-x64_bin\jdk-19.0.2\bin;C:\Program Files\MySQL\MySQL Shell 8.0\bin\;C:\Users\Luis\AppData\Local\Microsoft\WindowsApps;C:\Users\Lus Felipe\AppData\Local\Programs\Microsoft VS Code\bin;C:\MinGW\bin;C:\Users\Lus Felipe\AppData\Local\GitHubDesktop\bin;C:\Users\Luis\AppData\Local\Programs\Microsoft VS Code\bin;;C:\Users\Luis\AppData\Local\spicetify
USERNAME=Luis
OS=Windows_NT
PROCESSOR_IDENTIFIER=Intel64 Family 6 Model 158 Stepping 10, GenuineIntel
TMP=C:\Users\Luis\AppData\Local\Temp
TEMP=C:\Users\Luis\AppData\Local\Temp


JNI global refs:
JNI global refs: 12, weak refs: 17

JNI global refs memory usage: 843, weak refs: 841


---------------  S Y S T E M  ---------------

OS:
 Windows 11 , 64 bit Build 22621 (10.0.22621.2199)
OS uptime: 0 days 9:43 hours

CPU: total 4 (initial active 4) (4 cores per cpu, 1 threads per core) family 6 model 158 stepping 10 microcode 0xde, cx8, cmov, fxsr, mmx, 3dnowpref, sse, sse2, sse3, ssse3, sse4.1, sse4.2, popcnt, lzcnt, tsc, tscinvbit, avx, avx2, aes, erms, clmul, bmi1, bmi2, adx, fma, vzeroupper, clflush, clflushopt

Memory: 4k page, system-wide physical 16297M (4213M free)
TotalPageFile size 18345M (AvailPageFile size 12M)
current process WorkingSet (physical memory assigned to process): 389M, peak: 394M
current process commit charge ("private bytes"): 417M, peak: 426M

vm_info: OpenJDK 64-Bit Server VM (17.0.6+0-b2043.56-10027231) for windows-amd64 JRE (17.0.6+0-b2043.56-10027231), built on Apr 28 2023 00:43:19 by "androidbuild" with MS VC++ 16.10 / 16.11 (VS2019)

END.
